# JRE version: Java(TM) SE Runtime Environment (8.0_201-b09) (build 1.8.0_201-b09)
# Java VM: Java HotSpot(TM) 64-Bit Server VM (25.201-b09 mixed mode bsd-amd64 compressed oops)
Heap:
 garbage-first heap   total 270336K, used 232280K [0x0000000780000000, 0x0000000780100840, 0x00000007c0000000)
  region size 1024K, 146 young (149504K), 20 survivors (20480K)
 Metaspace       used 54379K, capacity 57490K, committed 57728K, reserved 1099776K
  class space    used 6809K, capacity 7703K, committed 7808K, reserved 1048576K
GC Heap History (10 events):
Event: 12.957 GC heap after
Heap after GC invocations=18 (full 0):
 garbage-first heap   total 262144K, used 145120K [0x0000000780000000, 0x0000000780100800, 0x00000007c0000000)
  region size 1024K, 11 young (11264K), 11 survivors (11264K)
 Metaspace       used 45878K, capacity 48302K, committed 48512K, reserved 1091584K
  class space    used 5699K, capacity 6425K, committed 6528K, reserved 1048576K
}
Event: 13.212 GC heap before
{Heap before GC invocations=19 (full 0):
 garbage-first heap   total 262144K, used 144224K [0x0000000780000000, 0x0000000780100800, 0x00000007c0000000)
  region size 1024K, 84 young (86016K), 11 survivors (11264K)
 Metaspace       used 45878K, capacity 48302K, committed 48512K, reserved 1091584K
  class space    used 5699K, capacity 6425K, committed 6528K, reserved 1048576K
Event: 13.225 GC heap after
Heap after GC invocations=20 (full 0):
 garbage-first heap   total 262144K, used 76639K [0x0000000780000000, 0x0000000780100800, 0x00000007c0000000)
  region size 1024K, 11 young (11264K), 11 survivors (11264K)
 Metaspace       used 45878K, capacity 48302K, committed 48512K, reserved 1091584K
  class space    used 5699K, capacity 6425K, committed 6528K, reserved 1048576K
}
Event: 13.228 GC heap before
{Heap before GC invocations=20 (full 0):
 garbage-first heap   total 262144K, used 77663K [0x0000000780000000, 0x0000000780100800, 0x00000007c0000000)
  region size 1024K, 12 young (12288K), 11 survivors (11264K)
 Metaspace       used 45878K, capacity 48302K, committed 48512K, reserved 1091584K
  class space    used 5699K, capacity 6425K, committed 6528K, reserved 1048576K
Event: 13.238 GC heap after
Heap after GC invocations=21 (full 0):
 garbage-first heap   total 262144K, used 52064K [0x0000000780000000, 0x0000000780100800, 0x00000007c0000000)
  region size 1024K, 2 young (2048K), 2 survivors (2048K)
 Metaspace       used 45878K, capacity 48302K, committed 48512K, reserved 1091584K
  class space    used 5699K, capacity 6425K, committed 6528K, reserved 1048576K
}
Event: 40.098 GC heap before
{Heap before GC invocations=21 (full 0):
 garbage-first heap   total 262144K, used 206688K [0x0000000780000000, 0x0000000780100800, 0x00000007c0000000)
  region size 1024K, 153 young (156672K), 2 survivors (2048K)
 Metaspace       used 48823K, capacity 51422K, committed 51712K, reserved 1093632K
  class space    used 6056K, capacity 6847K, committed 6912K, reserved 1048576K
Event: 40.113 GC heap after
Heap after GC invocations=22 (full 0):
 garbage-first heap   total 262144K, used 68720K [0x0000000780000000, 0x0000000780100800, 0x00000007c0000000)
  region size 1024K, 19 young (19456K), 19 survivors (19456K)
 Metaspace       used 48823K, capacity 51422K, committed 51712K, reserved 1093632K
  class space    used 6056K, capacity 6847K, committed 6912K, reserved 1048576K
}
Event: 50.438 GC heap before
{Heap before GC invocations=22 (full 0):
 garbage-first heap   total 262144K, used 206595K [0x0000000780000000, 0x0000000780100800, 0x00000007c0000000)
  region size 1024K, 113 young (115712K), 19 survivors (19456K)
 Metaspace       used 53759K, capacity 56782K, committed 56832K, reserved 1097728K
  class space    used 6757K, capacity 7671K, committed 7680K, reserved 1048576K
Event: 50.458 GC heap after
Heap after GC invocations=23 (full 0):
 garbage-first heap   total 262144K, used 84149K [0x0000000780000000, 0x0000000780100800, 0x00000007c0000000)
  region size 1024K, 20 young (20480K), 20 survivors (20480K)
 Metaspace       used 53759K, capacity 56782K, committed 56832K, reserved 1097728K
  class space    used 6757K, capacity 7671K, committed 7680K, reserved 1048576K
}
Event: 7442.157 GC heap before
{Heap before GC invocations=24 (full 0):
 garbage-first heap   total 262144K, used 232280K [0x0000000780000000, 0x0000000780100800, 0x00000007c0000000)
  region size 1024K, 146 young (149504K), 20 survivors (20480K)
 Metaspace       used 54379K, capacity 57490K, committed 57728K, reserved 1099776K
  class space    used 6809K, capacity 7703K, committed 7808K, reserved 1048576K

